<?xml version="1.0" encoding="UTF-8"?>
<testsuite xmlns:xsi="http://www.w3.org/2001/XMLSchema-instance" xsi:schemaLocation="https://maven.apache.org/surefire/maven-surefire-plugin/xsd/surefire-test-report.xsd" name="TestSuite" time="1.117" tests="4" errors="0" skipped="0" failures="0">
  <properties>
[...]
</properties>
  <testcase name="D" classname="com.sellabs.testng.sample" time="0.002"/>
  <testcase name="A" classname="com.sellabs.testng.sample" time="0.001"/>
  <testcase name="E" classname="com.sellabs.testng.sample" time="0.001"/>
  <testcase name="R" classname="com.sellabs.testng.sample2" time="0"/>
</testsuite>